<?xml version="1.0" encoding="UTF-8"?>
<testsuite name="Input Visa" tests="21" skipped="0" failures="0" errors="0" timestamp="2020-10-28T05:07:07" hostname="NAUVAL-PC" time="23.518">
  <properties/>
  <testcase name="User open website &quot;https://www.phptravels.net/&quot;" classname="Input Visa" time="4.398"/>
  <testcase name="User is at home page" classname="Input Visa" time="0.123"/>
  <testcase name="User choose to login" classname="Input Visa" time="1.368"/>
  <testcase name="User input credential &quot;user@phptravels.com&quot; &quot;demouser&quot;" classname="Input Visa" time="3.38"/>
  <testcase name="User click login" classname="Input Visa" time="5.516"/>
  <testcase name="User is at home page" classname="Input Visa" time="0.045"/>
  <testcase name="User is at home page" classname="Input Visa" time="0.03"/>
  <testcase name="User input origin country &quot;Indonesia&quot;" classname="Input Visa" time="1.523"/>
  <testcase name="User input destination country &quot;Australia&quot;" classname="Input Visa" time="1.403"/>
  <testcase name="User input date &quot;01-12-2020&quot;" classname="Input Visa" time="0.883"/>
  <testcase name="User click submit" classname="Input Visa" time="0.108"/>
  <testcase name="User is at visa detail form page" classname="Input Visa" time="0.052"/>
  <testcase name="User input name &quot;Demo&quot; &quot;User&quot;" classname="Input Visa" time="0.275"/>
  <testcase name="User input email &quot;user@phptravels.com&quot;" classname="Input Visa" time="0.327"/>
  <testcase name="User input contact number &quot;0812000000&quot;" classname="Input Visa" time="0.128"/>
  <testcase name="User submit data" classname="Input Visa" time="1.758"/>
  <testcase name="User see confirmation page" classname="Input Visa" time="0.054"/>
  <testcase name="User go to invoice detail page" classname="Input Visa" time="1.198"/>
  <testcase name="User see invoice detail" classname="Input Visa" time="0.036"/>
  <testcase name="User compare data &quot;Demo&quot; &quot;User&quot; &quot;0812000000&quot; &quot;Indonesia&quot; &quot;Australia&quot; &quot;01-12-2020&quot;" classname="Input Visa" time="0.183"/>
  <testcase name="classMethod" classname="Input Visa" time="27.533"/>
  <system-out><![CDATA[
@Web @Visa_1
Scenario Outline: Input Visa                                                             ?[90m# src/test/resources/features/Problem_B.feature:30?[0m
]]></system-out>
  <system-err><![CDATA[Starting ChromeDriver 86.0.4240.22 (398b0743353ff36fb1b82468f63a3a93b4e2e89e-refs/branch-heads/4240@{#378}) on port 30852
Only local connections are allowed.
Please see https://chromedriver.chromium.org/security-considerations for suggestions on keeping ChromeDriver safe.
ChromeDriver was started successfully.
Oct 28, 2020 1:07:07 PM org.openqa.selenium.remote.ProtocolHandshake createSession
INFO: Detected dialect: W3C
]]></system-err>
</testsuite>
