<?xml version="1.0" encoding="UTF-8"?>
<testsuite name="Input Visa" tests="18" skipped="0" failures="0" errors="0" timestamp="2020-10-26T09:58:14" hostname="NAUVAL-PC" time="25.215">
  <properties/>
  <testcase name="User open website &quot;https://www.phptravels.net/&quot;" classname="Input Visa" time="5.945"/>
  <testcase name="User is at home page" classname="Input Visa" time="0.09"/>
  <testcase name="User choose to login" classname="Input Visa" time="1.497"/>
  <testcase name="User input credential &quot;user@phptravels.com&quot; &quot;demouser&quot;" classname="Input Visa" time="3.495"/>
  <testcase name="User click login" classname="Input Visa" time="6.522"/>
  <testcase name="User is at home page" classname="Input Visa" time="0.05"/>
  <testcase name="User is at home page" classname="Input Visa" time="0.048"/>
  <testcase name="User input origin country &quot;Indonesia&quot;" classname="Input Visa" time="1.631"/>
  <testcase name="User input destination country &quot;Australia&quot;" classname="Input Visa" time="1.445"/>
  <testcase name="User input date &quot;01-12-2020&quot;" classname="Input Visa" time="0.774"/>
  <testcase name="User click submit" classname="Input Visa" time="0.125"/>
  <testcase name="User is at visa detail form page" classname="Input Visa" time="0.058"/>
  <testcase name="User input name &quot;Demo&quot; &quot;User&quot;" classname="Input Visa" time="0.333"/>
  <testcase name="User input email &quot;user@phptravels.com&quot;" classname="Input Visa" time="0.354"/>
  <testcase name="User input contact number &quot;0812000000&quot;" classname="Input Visa" time="0.199"/>
  <testcase name="User submit data" classname="Input Visa" time="1.966"/>
  <testcase name="User see confirmation page" classname="Input Visa" time="0.0"/>
  <testcase name="classMethod" classname="Input Visa" time="29.111"/>
  <system-out><![CDATA[
@Web @Visa_1
Scenario Outline: Input Visa                                 ?[90m# src/test/resources/features/Problem_B.feature:27?[0m
]]></system-out>
  <system-err><![CDATA[Starting ChromeDriver 86.0.4240.22 (398b0743353ff36fb1b82468f63a3a93b4e2e89e-refs/branch-heads/4240@{#378}) on port 13192
Only local connections are allowed.
Please see https://chromedriver.chromium.org/security-considerations for suggestions on keeping ChromeDriver safe.
ChromeDriver was started successfully.
Oct 26, 2020 5:58:14 PM org.openqa.selenium.remote.ProtocolHandshake createSession
INFO: Detected dialect: W3C
]]></system-err>
</testsuite>
