<?xml version="1.0" encoding="UTF-8"?>
<testsuite name="demo.CucumberRunner" tests="0" skipped="0" failures="0" errors="0" timestamp="1970-01-01T00:00:00" hostname="NAUVAL-PC" time="0.0">
  <properties/>
  <system-out><![CDATA[  ?[32mGiven ?[0m?[32mUser open website ?[0m?[32m?[1m"https://www.phptravels.net/"?[0m                                  ?[90m# demo.stepdefinition.HomeStepDefinition.userOpenWebsite(java.lang.String)?[0m
  ?[32mWhen ?[0m?[32mUser is at home page?[0m                                                              ?[90m# demo.stepdefinition.HomeStepDefinition.userIsAtHomePage()?[0m
  ?[32mWhen ?[0m?[32mUser choose to login?[0m                                                              ?[90m# demo.stepdefinition.HomeStepDefinition.userChooseToLogin()?[0m
  ?[32mAnd ?[0m?[32mUser input credential ?[0m?[32m?[1m"user@phptravels.com"?[0m?[32m ?[0m?[32m?[1m"demouser"?[0m                             ?[90m# demo.stepdefinition.HomeStepDefinition.userInputCredential(java.lang.String,java.lang.String)?[0m
  ?[32mAnd ?[0m?[32mUser click login?[0m                                                                   ?[90m# demo.stepdefinition.HomeStepDefinition.userClickLogin()?[0m
  ?[32mThen ?[0m?[32mUser is at home page?[0m                                                              ?[90m# demo.stepdefinition.HomeStepDefinition.userIsAtHomePage()?[0m
  ?[32mGiven ?[0m?[32mUser is at home page?[0m                                                             ?[90m# demo.stepdefinition.HomeStepDefinition.userIsAtHomePage()?[0m
  ?[32mWhen ?[0m?[32mUser input origin country ?[0m?[32m?[1m"Indonesia"?[0m                                             ?[90m# demo.stepdefinition.VisaStepDefinition.userInputOriginCountry(java.lang.String)?[0m
  ?[32mAnd ?[0m?[32mUser input destination country ?[0m?[32m?[1m"Australia"?[0m                                         ?[90m# demo.stepdefinition.VisaStepDefinition.userInputDestinationCountry(java.lang.String)?[0m
  ?[32mAnd ?[0m?[32mUser input date ?[0m?[32m?[1m"01-12-2020"?[0m                                                       ?[90m# demo.stepdefinition.VisaStepDefinition.userInputDate(java.lang.String)?[0m
  ?[32mAnd ?[0m?[32mUser click submit?[0m                                                                  ?[90m# demo.stepdefinition.VisaStepDefinition.userClickSubmit()?[0m
  ?[32mThen ?[0m?[32mUser is at visa detail form page?[0m                                                  ?[90m# demo.stepdefinition.VisaStepDefinition.userIsAtVisaDetailFormPage()?[0m
  ?[32mWhen ?[0m?[32mUser input name ?[0m?[32m?[1m"Demo"?[0m?[32m ?[0m?[32m?[1m"User"?[0m                                                     ?[90m# demo.stepdefinition.VisaStepDefinition.userInputName(java.lang.String,java.lang.String)?[0m
  ?[32mAnd ?[0m?[32mUser input email ?[0m?[32m?[1m"user@phptravels.com"?[0m                                             ?[90m# demo.stepdefinition.VisaStepDefinition.userInputEmail(java.lang.String)?[0m
  ?[32mAnd ?[0m?[32mUser input contact number ?[0m?[32m?[1m"0812000000"?[0m                                             ?[90m# demo.stepdefinition.VisaStepDefinition.userInputContactNumber(java.lang.String)?[0m
  ?[32mAnd ?[0m?[32mUser submit data?[0m                                                                   ?[90m# demo.stepdefinition.VisaStepDefinition.userSubmitData()?[0m
  ?[32mThen ?[0m?[32mUser see confirmation page?[0m                                                        ?[90m# demo.stepdefinition.VisaStepDefinition.userSeeConfirmationPage()?[0m
  ?[32mWhen ?[0m?[32mUser go to invoice detail page?[0m                                                    ?[90m# demo.stepdefinition.VisaStepDefinition.userGoToInvoiceDetailPage()?[0m
  ?[32mAnd ?[0m?[32mUser see invoice detail?[0m                                                            ?[90m# demo.stepdefinition.VisaStepDefinition.userSeeInvoiceDetail()?[0m
  ?[32mThen ?[0m?[32mUser compare data ?[0m?[32m?[1m"Demo"?[0m?[32m ?[0m?[32m?[1m"User"?[0m?[32m ?[0m?[32m?[1m"0812000000"?[0m?[32m ?[0m?[32m?[1m"Indonesia"?[0m?[32m ?[0m?[32m?[1m"Australia"?[0m?[32m ?[0m?[32m?[1m"01-12-2020"?[0m ?[90m# demo.stepdefinition.VisaStepDefinition.userCompareData(java.lang.String,java.lang.String,java.lang.String,java.lang.String,java.lang.String,java.lang.String)?[0m
]]></system-out>
  <system-err><![CDATA[?[32m?[1m??????????????????????????????????????????????????????????????????????????????????????[0m
?[32m?[1m??[0m Share your Cucumber Report with your team at ?[36m?[1m?[4mhttps://reports.cucumber.io?[0m          ?[32m?[1m??[0m
?[32m?[1m??[0m Activate publishing with one of the following:                                    ?[32m?[1m??[0m
?[32m?[1m??[0m                                                                                   ?[32m?[1m??[0m
?[32m?[1m??[0m src/test/resources/cucumber.properties:          ?[36mcucumber.publish.enabled?[0m=?[36mtrue?[0m    ?[32m?[1m??[0m
?[32m?[1m??[0m src/test/resources/junit-platform.properties:    ?[36mcucumber.publish.enabled?[0m=?[36mtrue?[0m    ?[32m?[1m??[0m
?[32m?[1m??[0m Environment variable:                            ?[36mCUCUMBER_PUBLISH_ENABLED?[0m=?[36mtrue?[0m    ?[32m?[1m??[0m
?[32m?[1m??[0m JUnit:                                           ?[36m@CucumberOptions?[0m(publish = ?[36mtrue?[0m) ?[32m?[1m??[0m
?[32m?[1m??[0m                                                                                   ?[32m?[1m??[0m
?[32m?[1m??[0m More information at ?[36mhttps://reports.cucumber.io/docs/cucumber-jvm?[0m                 ?[32m?[1m??[0m
?[32m?[1m??[0m                                                                                   ?[32m?[1m??[0m
?[32m?[1m??[0m Disable this message with one of the following:                                   ?[32m?[1m??[0m
?[32m?[1m??[0m                                                                                   ?[32m?[1m??[0m
?[32m?[1m??[0m src/test/resources/cucumber.properties:          ?[36mcucumber.publish.quiet?[0m=?[36mtrue?[0m      ?[32m?[1m??[0m
?[32m?[1m??[0m src/test/resources/junit-platform.properties:    ?[36mcucumber.publish.quiet?[0m=?[36mtrue?[0m      ?[32m?[1m??[0m
?[32m?[1m??????????????????????????????????????????????????????????????????????????????????????[0m
]]></system-err>
</testsuite>
